[2024-02-25 17:21:21,682: INFO: utils: Note: NumExpr detected 12 cores but "NUMEXPR_MAX_THREADS" not set, so enforcing safe limit of 8.]
[2024-02-25 17:21:21,682: INFO: utils: NumExpr defaulting to 8 threads.]
[2024-02-25 17:22:20,150: INFO: utils: Note: NumExpr detected 12 cores but "NUMEXPR_MAX_THREADS" not set, so enforcing safe limit of 8.]
[2024-02-25 17:22:20,150: INFO: utils: NumExpr defaulting to 8 threads.]
[2024-02-25 17:22:23,234: INFO: main: >>>>>> stage Data Ingestion stage started <<<<<<]
[2024-02-25 17:22:23,251: INFO: common: yaml file: config\config.yaml loaded successfully]
[2024-02-25 17:22:23,251: INFO: common: yaml file: params.yaml loaded successfully]
[2024-02-25 17:22:23,251: INFO: common: created directory at: artifacts]
[2024-02-25 17:22:23,251: INFO: common: created directory at: artifacts/data_ingestion]
[2024-02-25 17:22:26,250: INFO: data_ingestion: artifacts/data_ingestion/data.zip download! with following info: 
Connection: close
Content-Length: 7903594
Cache-Control: max-age=300
Content-Security-Policy: default-src 'none'; style-src 'unsafe-inline'; sandbox
Content-Type: application/zip
ETag: "dbc016a060da18070593b83afff580c9b300f0b6ea4147a7988433e04df246ca"
Strict-Transport-Security: max-age=31536000
X-Content-Type-Options: nosniff
X-Frame-Options: deny
X-XSS-Protection: 1; mode=block
X-GitHub-Request-Id: 9440:2197E2:3A9EE00:3D4ADEA:65DB693F
Accept-Ranges: bytes
Date: Sun, 25 Feb 2024 16:22:24 GMT
Via: 1.1 varnish
X-Served-By: cache-par-lfpg1960048-PAR
X-Cache: MISS
X-Cache-Hits: 0
X-Timer: S1708878145.657056,VS0,VE342
Vary: Authorization,Accept-Encoding,Origin
Access-Control-Allow-Origin: *
Cross-Origin-Resource-Policy: cross-origin
X-Fastly-Request-ID: 7593304e50f8b5bd2232f1806208cccb44d3496a
Expires: Sun, 25 Feb 2024 16:27:24 GMT
Source-Age: 0

]
[2024-02-25 17:22:26,362: INFO: main: >>>>>> stage Data Ingestion stage completed <<<<<<

x==========x]
[2024-02-25 17:22:26,362: INFO: main: >>>>>> stage Data Validation stage started <<<<<<]
[2024-02-25 17:22:26,365: INFO: common: yaml file: config\config.yaml loaded successfully]
[2024-02-25 17:22:26,367: INFO: common: yaml file: params.yaml loaded successfully]
[2024-02-25 17:22:26,367: INFO: common: created directory at: artifacts]
[2024-02-25 17:22:26,367: INFO: common: created directory at: artifacts/data_validation]
[2024-02-25 17:22:26,370: INFO: main: >>>>>> stage Data Validation stage completed <<<<<<

x==========x]
[2024-02-25 17:22:26,370: INFO: main: >>>>>> stage Data Transformation stage started <<<<<<]
[2024-02-25 17:22:26,373: INFO: common: yaml file: config\config.yaml loaded successfully]
[2024-02-25 17:22:26,373: INFO: common: yaml file: params.yaml loaded successfully]
[2024-02-25 17:22:26,373: INFO: common: created directory at: artifacts]
[2024-02-25 17:22:26,373: INFO: common: created directory at: artifacts/data_transformation]
[2024-02-25 17:22:31,335: INFO: main: >>>>>> stage Data Transformation stage completed <<<<<<

x==========x]
[2024-02-25 17:22:31,335: INFO: main: *******************]
[2024-02-25 17:22:31,335: INFO: main: >>>>>> stage Model Trainer stage started <<<<<<]
[2024-02-25 17:22:31,335: INFO: common: yaml file: config\config.yaml loaded successfully]
[2024-02-25 17:22:31,335: INFO: common: yaml file: params.yaml loaded successfully]
[2024-02-25 17:22:31,335: INFO: common: created directory at: artifacts]
[2024-02-25 17:22:31,335: INFO: common: created directory at: artifacts/model_trainer]
